<?xml version="1.0" encoding="UTF-8"?>
<testng-results ignored="0" total="4" passed="4" failed="0" skipped="0">
  <reporter-output>
  </reporter-output>
  <suite started-at="2022-03-28T17:38:36 IST" name="Suite" finished-at="2022-03-28T17:41:25 IST" duration-ms="169031">
    <groups>
      <group name="cucumber">
        <method signature="AbstractTestNGCucumberTests.runScenario(io.cucumber.testng.PickleWrapper,io.cucumber.testng.FeatureWrapper)[pri:0, instance:runner.Feature1Runner@3051e0b2]" name="runScenario" class="io.cucumber.testng.AbstractTestNGCucumberTests"/>
      </group> <!-- cucumber -->
    </groups>
    <test started-at="2022-03-28T17:38:36 IST" name="Test" finished-at="2022-03-28T17:41:25 IST" duration-ms="169031">
      <class name="runner.Feature1Runner">
        <test-method is-config="true" signature="setUpClass()[pri:0, instance:runner.Feature1Runner@3051e0b2]" started-at="2022-03-28T17:38:36 IST" name="setUpClass" finished-at="2022-03-28T17:38:42 IST" duration-ms="5598" status="PASS">
          <reporter-output>
          </reporter-output>
        </test-method> <!-- setUpClass -->
        <test-method signature="runScenario(io.cucumber.testng.PickleWrapper,io.cucumber.testng.FeatureWrapper)[pri:0, instance:runner.Feature1Runner@3051e0b2]" started-at="2022-03-28T17:38:42 IST" name="runScenario" description="Runs Cucumber Scenarios" data-provider="scenarios" finished-at="2022-03-28T17:40:10 IST" duration-ms="88486" status="PASS">
          <params>
            <param index="0">
              <value>
                <![CDATA["Add multiple items to cart"]]>
              </value>
            </param>
            <param index="1">
              <value>
                <![CDATA["Optional[Case Study for Selenium Track - I Batch]"]]>
              </value>
            </param>
          </params>
          <reporter-output>
          </reporter-output>
        </test-method> <!-- runScenario -->
        <test-method signature="runScenario(io.cucumber.testng.PickleWrapper,io.cucumber.testng.FeatureWrapper)[pri:0, instance:runner.Feature1Runner@3051e0b2]" started-at="2022-03-28T17:40:11 IST" name="runScenario" description="Runs Cucumber Scenarios" data-provider="scenarios" finished-at="2022-03-28T17:40:40 IST" duration-ms="28886" status="PASS">
          <params>
            <param index="0">
              <value>
                <![CDATA["Delete unwanted Item from Cart # � Using DataTable"]]>
              </value>
            </param>
            <param index="1">
              <value>
                <![CDATA["Optional[Case Study for Selenium Track - I Batch]"]]>
              </value>
            </param>
          </params>
          <reporter-output>
          </reporter-output>
        </test-method> <!-- runScenario -->
        <test-method signature="runScenario(io.cucumber.testng.PickleWrapper,io.cucumber.testng.FeatureWrapper)[pri:0, instance:runner.Feature1Runner@3051e0b2]" started-at="2022-03-28T17:40:40 IST" name="runScenario" description="Runs Cucumber Scenarios" data-provider="scenarios" finished-at="2022-03-28T17:40:44 IST" duration-ms="4254" status="PASS">
          <params>
            <param index="0">
              <value>
                <![CDATA["Newitems"]]>
              </value>
            </param>
            <param index="1">
              <value>
                <![CDATA["Optional[Case Study for Selenium Track - I Batch]"]]>
              </value>
            </param>
          </params>
          <reporter-output>
          </reporter-output>
        </test-method> <!-- runScenario -->
        <test-method signature="runScenario(io.cucumber.testng.PickleWrapper,io.cucumber.testng.FeatureWrapper)[pri:0, instance:runner.Feature1Runner@3051e0b2]" started-at="2022-03-28T17:40:44 IST" name="runScenario" description="Runs Cucumber Scenarios" data-provider="scenarios" finished-at="2022-03-28T17:41:25 IST" duration-ms="40841" status="PASS">
          <params>
            <param index="0">
              <value>
                <![CDATA["Place Order"]]>
              </value>
            </param>
            <param index="1">
              <value>
                <![CDATA["Optional[Case Study for Selenium Track - I Batch]"]]>
              </value>
            </param>
          </params>
          <reporter-output>
          </reporter-output>
        </test-method> <!-- runScenario -->
        <test-method is-config="true" signature="tearDownClass()[pri:0, instance:runner.Feature1Runner@3051e0b2]" started-at="2022-03-28T17:41:25 IST" name="tearDownClass" finished-at="2022-03-28T17:41:25 IST" duration-ms="235" status="PASS">
          <reporter-output>
          </reporter-output>
        </test-method> <!-- tearDownClass -->
      </class> <!-- runner.Feature1Runner -->
    </test> <!-- Test -->
  </suite> <!-- Suite -->
</testng-results>
