<?xml version="1.0" encoding="UTF-8"?>
<testng-results ignored="0" total="4" passed="4" failed="0" skipped="0">
  <reporter-output>
  </reporter-output>
  <suite started-at="2022-03-04T11:48:55 IST" name="Suite" finished-at="2022-03-04T11:51:00 IST" duration-ms="125549">
    <groups>
      <group name="cucumber">
        <method signature="AbstractTestNGCucumberTests.runScenario(io.cucumber.testng.PickleWrapper,io.cucumber.testng.FeatureWrapper)[pri:0, instance:runner.Feature1Runner@23c30a20]" name="runScenario" class="io.cucumber.testng.AbstractTestNGCucumberTests"/>
      </group> <!-- cucumber -->
    </groups>
    <test started-at="2022-03-04T11:48:55 IST" name="Test" finished-at="2022-03-04T11:51:00 IST" duration-ms="125549">
      <class name="runner.Feature1Runner">
        <test-method is-config="true" signature="setUpClass()[pri:0, instance:runner.Feature1Runner@23c30a20]" started-at="2022-03-04T11:48:55 IST" name="setUpClass" finished-at="2022-03-04T11:48:56 IST" duration-ms="1611" status="PASS">
          <reporter-output>
          </reporter-output>
        </test-method> <!-- setUpClass -->
        <test-method signature="runScenario(io.cucumber.testng.PickleWrapper,io.cucumber.testng.FeatureWrapper)[pri:0, instance:runner.Feature1Runner@23c30a20]" started-at="2022-03-04T11:48:56 IST" name="runScenario" description="Runs Cucumber Scenarios" data-provider="scenarios" finished-at="2022-03-04T11:49:44 IST" duration-ms="47739" status="PASS">
          <params>
            <param index="0">
              <value>
                <![CDATA["Add multiple items to cart"]]>
              </value>
            </param>
            <param index="1">
              <value>
                <![CDATA["Optional[Case Study for Selenium Track - I Batch]"]]>
              </value>
            </param>
          </params>
          <reporter-output>
          </reporter-output>
        </test-method> <!-- runScenario -->
        <test-method signature="runScenario(io.cucumber.testng.PickleWrapper,io.cucumber.testng.FeatureWrapper)[pri:0, instance:runner.Feature1Runner@23c30a20]" started-at="2022-03-04T11:49:44 IST" name="runScenario" description="Runs Cucumber Scenarios" data-provider="scenarios" finished-at="2022-03-04T11:50:11 IST" duration-ms="27348" status="PASS">
          <params>
            <param index="0">
              <value>
                <![CDATA["Delete unwanted Item from Cart # � Using DataTable"]]>
              </value>
            </param>
            <param index="1">
              <value>
                <![CDATA["Optional[Case Study for Selenium Track - I Batch]"]]>
              </value>
            </param>
          </params>
          <reporter-output>
          </reporter-output>
        </test-method> <!-- runScenario -->
        <test-method signature="runScenario(io.cucumber.testng.PickleWrapper,io.cucumber.testng.FeatureWrapper)[pri:0, instance:runner.Feature1Runner@23c30a20]" started-at="2022-03-04T11:50:11 IST" name="runScenario" description="Runs Cucumber Scenarios" data-provider="scenarios" finished-at="2022-03-04T11:50:19 IST" duration-ms="8007" status="PASS">
          <params>
            <param index="0">
              <value>
                <![CDATA["Newitems"]]>
              </value>
            </param>
            <param index="1">
              <value>
                <![CDATA["Optional[Case Study for Selenium Track - I Batch]"]]>
              </value>
            </param>
          </params>
          <reporter-output>
          </reporter-output>
        </test-method> <!-- runScenario -->
        <test-method signature="runScenario(io.cucumber.testng.PickleWrapper,io.cucumber.testng.FeatureWrapper)[pri:0, instance:runner.Feature1Runner@23c30a20]" started-at="2022-03-04T11:50:19 IST" name="runScenario" description="Runs Cucumber Scenarios" data-provider="scenarios" finished-at="2022-03-04T11:51:00 IST" duration-ms="40490" status="PASS">
          <params>
            <param index="0">
              <value>
                <![CDATA["Place Order"]]>
              </value>
            </param>
            <param index="1">
              <value>
                <![CDATA["Optional[Case Study for Selenium Track - I Batch]"]]>
              </value>
            </param>
          </params>
          <reporter-output>
          </reporter-output>
        </test-method> <!-- runScenario -->
        <test-method is-config="true" signature="tearDownClass()[pri:0, instance:runner.Feature1Runner@23c30a20]" started-at="2022-03-04T11:51:00 IST" name="tearDownClass" finished-at="2022-03-04T11:51:00 IST" duration-ms="205" status="PASS">
          <reporter-output>
          </reporter-output>
        </test-method> <!-- tearDownClass -->
      </class> <!-- runner.Feature1Runner -->
    </test> <!-- Test -->
  </suite> <!-- Suite -->
</testng-results>
