<?xml version="1.0" encoding="UTF-8"?>
<testsuite xmlns:xsi="http://www.w3.org/2001/XMLSchema-instance" xsi:noNamespaceSchemaLocation="https://maven.apache.org/surefire/maven-surefire-plugin/xsd/surefire-test-report-3.0.xsd" version="3.0" name="TestSuite" time="128.564" tests="4" errors="0" skipped="0" failures="0">
  <properties>
[...]
</properties>
  <testcase name="runScenario[&quot;Add multiple items to cart&quot;, &quot;Optional[Case Study for Selenium Track - I Batch]&quot;](1)" classname="runner.Feature1Runner" time="48.085">
    <system-out><![CDATA[
Scenario Outline: Add multiple items to cart                              # src/test/resources/Features/Feature1.feature:10
Welcome yukeshdinesh@gmail.com
  Given Login into App                                                    # stepdefinitions.Feature1Stepdef.login_into_app()
  When User Adds multiple "Samsung galaxy s6", "Nokia lumia 1520" to cart # stepdefinitions.Feature1Stepdef.user_adds_multiple_to_cart(java.lang.String,java.lang.String)
  Then Items must be added to cart                                        # stepdefinitions.Feature1Stepdef.items_must_be_added_to_cart()
]]></system-out>
    <system-err><![CDATA[SLF4J: Failed to load class "org.slf4j.impl.StaticLoggerBinder".
SLF4J: Defaulting to no-operation (NOP) logger implementation
SLF4J: See http://www.slf4j.org/codes.html#StaticLoggerBinder for further details.
Starting ChromeDriver 98.0.4758.102 (273bf7ac8c909cde36982d27f66f3c70846a3718-refs/branch-heads/4758@{#1151}) on port 60758
Only local connections are allowed.
Please see https://chromedriver.chromium.org/security-considerations for suggestions on keeping ChromeDriver safe.
ChromeDriver was started successfully.
Mar 04, 2022 11:49:05 AM org.openqa.selenium.remote.ProtocolHandshake createSession
INFO: Detected dialect: W3C
Mar 04, 2022 11:49:06 AM org.openqa.selenium.devtools.CdpVersionFinder findNearestMatch
WARNING: Unable to find an exact match for CDP version 98, so returning the closest version found: 96
Mar 04, 2022 11:49:06 AM org.openqa.selenium.devtools.CdpVersionFinder findNearestMatch
INFO: Found CDP implementation for version 98 of 96
]]></system-err>
  </testcase>
  <testcase name="runScenario[&quot;Delete unwanted Item from Cart # � Using DataTable&quot;, &quot;Optional[Case Study for Selenium Track - I Batch]&quot;](2)" classname="runner.Feature1Runner" time="27.327">
    <system-out><![CDATA[
Scenario: Delete unwanted Item from Cart # ï¿½ Using DataTable # src/test/resources/Features/Feature1.feature:13
Welcome yukeshdinesh@gmail.com
  Given Login into App                                       # stepdefinitions.Feature1Stepdef.login_into_app()
  When Items should be available in cart                     # stepdefinitions.Feature1Stepdef.items_should_be_available_in_cart()
  Then Delete an item from Cart                              # stepdefinitions.Feature1Stepdef.delete_an_item_from_cart()
]]></system-out>
    <system-err><![CDATA[Starting ChromeDriver 98.0.4758.102 (273bf7ac8c909cde36982d27f66f3c70846a3718-refs/branch-heads/4758@{#1151}) on port 55155
Only local connections are allowed.
Please see https://chromedriver.chromium.org/security-considerations for suggestions on keeping ChromeDriver safe.
ChromeDriver was started successfully.
Mar 04, 2022 11:49:46 AM org.openqa.selenium.remote.ProtocolHandshake createSession
INFO: Detected dialect: W3C
Mar 04, 2022 11:49:46 AM org.openqa.selenium.devtools.CdpVersionFinder findNearestMatch
WARNING: Unable to find an exact match for CDP version 98, so returning the closest version found: 96
Mar 04, 2022 11:49:46 AM org.openqa.selenium.devtools.CdpVersionFinder findNearestMatch
INFO: Found CDP implementation for version 98 of 96
]]></system-err>
  </testcase>
  <testcase name="runScenario[&quot;Newitems&quot;, &quot;Optional[Case Study for Selenium Track - I Batch]&quot;](3)" classname="runner.Feature1Runner" time="8.037">
    <system-out><![CDATA[
Scenario: Newitems                          # src/test/resources/Features/Feature1.feature:18
100
  Given I have deposited $100 in my Account # stepdefinitions.Feature1Stepdef.i_have_deposited_$_in_my_account(java.lang.Integer)
visit
  When I visit the homepage                 # stepdefinitions.Feature1Stepdef.i_visit_the_homepage(java.lang.String)
go to
  When I go to the homepage                 # stepdefinitions.Feature1Stepdef.i_visit_the_homepage(java.lang.String)
]]></system-out>
    <system-err><![CDATA[Starting ChromeDriver 98.0.4758.102 (273bf7ac8c909cde36982d27f66f3c70846a3718-refs/branch-heads/4758@{#1151}) on port 52675
Only local connections are allowed.
Please see https://chromedriver.chromium.org/security-considerations for suggestions on keeping ChromeDriver safe.
ChromeDriver was started successfully.
Mar 04, 2022 11:50:13 AM org.openqa.selenium.remote.ProtocolHandshake createSession
INFO: Detected dialect: W3C
Mar 04, 2022 11:50:13 AM org.openqa.selenium.devtools.CdpVersionFinder findNearestMatch
WARNING: Unable to find an exact match for CDP version 98, so returning the closest version found: 96
Mar 04, 2022 11:50:13 AM org.openqa.selenium.devtools.CdpVersionFinder findNearestMatch
INFO: Found CDP implementation for version 98 of 96
]]></system-err>
  </testcase>
  <testcase name="runScenario[&quot;Place Order&quot;, &quot;Optional[Case Study for Selenium Track - I Batch]&quot;](4)" classname="runner.Feature1Runner" time="40.81">
    <system-out><![CDATA[
Scenario: Place Order                    # src/test/resources/Features/Feature1.feature:23
Welcome yukeshdinesh@gmail.com
  Given Login into App                   # stepdefinitions.Feature1Stepdef.login_into_app()
  When Items should be available in Cart # stepdefinitions.Feature1Stepdef.items_should_be_available_in_cart(io.cucumber.datatable.DataTable)
  Then Place Order                       # stepdefinitions.Feature1Stepdef.place_order()
Total: 360
Thank you for your purchase!
[[ChromeDriver: chrome on WINDOWS (f72a6e9ab93c0f754aee75d0dd02eb70)] -> css selector: p.lead.text-muted ]
  And Purchase Items                     # stepdefinitions.Feature1Stepdef.purchase_items()
]]></system-out>
    <system-err><![CDATA[Starting ChromeDriver 98.0.4758.102 (273bf7ac8c909cde36982d27f66f3c70846a3718-refs/branch-heads/4758@{#1151}) on port 60398
Only local connections are allowed.
Please see https://chromedriver.chromium.org/security-considerations for suggestions on keeping ChromeDriver safe.
ChromeDriver was started successfully.
Mar 04, 2022 11:50:21 AM org.openqa.selenium.remote.ProtocolHandshake createSession
INFO: Detected dialect: W3C
Mar 04, 2022 11:50:21 AM org.openqa.selenium.devtools.CdpVersionFinder findNearestMatch
WARNING: Unable to find an exact match for CDP version 98, so returning the closest version found: 96
Mar 04, 2022 11:50:21 AM org.openqa.selenium.devtools.CdpVersionFinder findNearestMatch
INFO: Found CDP implementation for version 98 of 96
]]></system-err>
  </testcase>
</testsuite>