<?xml version="1.0" encoding="UTF-8"?>
<testng-results ignored="0" total="1" passed="1" failed="0" skipped="0">
  <reporter-output>
  </reporter-output>
  <suite started-at="2022-03-04T11:06:44 IST" name="Suite" finished-at="2022-03-04T11:06:56 IST" duration-ms="11648">
    <groups>
      <group name="cucumber">
        <method signature="AbstractTestNGCucumberTests.runScenario(io.cucumber.testng.PickleWrapper, io.cucumber.testng.FeatureWrapper)[pri:0, instance:runner.Feature1Runner@7e7be63f]" name="runScenario" class="io.cucumber.testng.AbstractTestNGCucumberTests"/>
      </group> <!-- cucumber -->
    </groups>
    <test started-at="2022-03-04T11:06:44 IST" name="Test" finished-at="2022-03-04T11:06:56 IST" duration-ms="11648">
      <class name="runner.Feature1Runner">
        <test-method is-config="true" signature="setUpClass()[pri:0, instance:runner.Feature1Runner@7e7be63f]" started-at="2022-03-04T11:06:44 IST" name="setUpClass" finished-at="2022-03-04T11:06:46 IST" duration-ms="1180" status="PASS">
          <reporter-output>
          </reporter-output>
        </test-method> <!-- setUpClass -->
        <test-method signature="runScenario(io.cucumber.testng.PickleWrapper, io.cucumber.testng.FeatureWrapper)[pri:0, instance:runner.Feature1Runner@7e7be63f]" started-at="2022-03-04T11:06:46 IST" name="runScenario" description="Runs Cucumber Scenarios" data-provider="scenarios" finished-at="2022-03-04T11:06:56 IST" duration-ms="9956" status="PASS">
          <params>
            <param index="0">
              <value>
                <![CDATA["Newitems"]]>
              </value>
            </param>
            <param index="1">
              <value>
                <![CDATA["Optional[Case Study for Selenium Track - I Batch]"]]>
              </value>
            </param>
          </params>
          <reporter-output>
          </reporter-output>
        </test-method> <!-- runScenario -->
        <test-method is-config="true" signature="tearDownClass()[pri:0, instance:runner.Feature1Runner@7e7be63f]" started-at="2022-03-04T11:06:56 IST" name="tearDownClass" finished-at="2022-03-04T11:06:56 IST" duration-ms="385" status="PASS">
          <reporter-output>
          </reporter-output>
        </test-method> <!-- tearDownClass -->
      </class> <!-- runner.Feature1Runner -->
    </test> <!-- Test -->
  </suite> <!-- Suite -->
</testng-results>
