<?xml version="1.0" encoding="UTF-8"?>
<testng-results ignored="0" total="3" passed="3" failed="0" skipped="0">
  <reporter-output>
  </reporter-output>
  <suite started-at="2022-02-16T16:21:53 IST" name="Default suite" finished-at="2022-02-16T16:23:50 IST" duration-ms="116759">
    <groups>
      <group name="cucumber">
        <method signature="AbstractTestNGCucumberTests.runScenario(io.cucumber.testng.PickleWrapper, io.cucumber.testng.FeatureWrapper)[pri:0, instance:runner.Feature1Runner@7e7be63f]" name="runScenario" class="io.cucumber.testng.AbstractTestNGCucumberTests"/>
      </group> <!-- cucumber -->
    </groups>
    <test started-at="2022-02-16T16:21:53 IST" name="Default test" finished-at="2022-02-16T16:23:50 IST" duration-ms="116759">
      <class name="runner.Feature1Runner">
        <test-method is-config="true" signature="setUpClass()[pri:0, instance:runner.Feature1Runner@7e7be63f]" started-at="2022-02-16T16:21:53 IST" name="setUpClass" finished-at="2022-02-16T16:21:56 IST" duration-ms="2441" status="PASS">
          <reporter-output>
          </reporter-output>
        </test-method> <!-- setUpClass -->
        <test-method signature="runScenario(io.cucumber.testng.PickleWrapper, io.cucumber.testng.FeatureWrapper)[pri:0, instance:runner.Feature1Runner@7e7be63f]" started-at="2022-02-16T16:21:56 IST" name="runScenario" description="Runs Cucumber Scenarios" data-provider="scenarios" finished-at="2022-02-16T16:22:45 IST" duration-ms="49033" status="PASS">
          <params>
            <param index="0">
              <value>
                <![CDATA["Add multiple items to cart"]]>
              </value>
            </param>
            <param index="1">
              <value>
                <![CDATA["Optional[Case Study for Selenium Track - I Batch]"]]>
              </value>
            </param>
          </params>
          <reporter-output>
          </reporter-output>
        </test-method> <!-- runScenario -->
        <test-method signature="runScenario(io.cucumber.testng.PickleWrapper, io.cucumber.testng.FeatureWrapper)[pri:0, instance:runner.Feature1Runner@7e7be63f]" started-at="2022-02-16T16:22:45 IST" name="runScenario" description="Runs Cucumber Scenarios" data-provider="scenarios" finished-at="2022-02-16T16:23:12 IST" duration-ms="26893" status="PASS">
          <params>
            <param index="0">
              <value>
                <![CDATA["Delete unwanted Item from Cart # � Using DataTable"]]>
              </value>
            </param>
            <param index="1">
              <value>
                <![CDATA["Optional[Case Study for Selenium Track - I Batch]"]]>
              </value>
            </param>
          </params>
          <reporter-output>
          </reporter-output>
        </test-method> <!-- runScenario -->
        <test-method signature="runScenario(io.cucumber.testng.PickleWrapper, io.cucumber.testng.FeatureWrapper)[pri:0, instance:runner.Feature1Runner@7e7be63f]" started-at="2022-02-16T16:23:12 IST" name="runScenario" description="Runs Cucumber Scenarios" data-provider="scenarios" finished-at="2022-02-16T16:23:50 IST" duration-ms="38050" status="PASS">
          <params>
            <param index="0">
              <value>
                <![CDATA["Place Order"]]>
              </value>
            </param>
            <param index="1">
              <value>
                <![CDATA["Optional[Case Study for Selenium Track - I Batch]"]]>
              </value>
            </param>
          </params>
          <reporter-output>
          </reporter-output>
        </test-method> <!-- runScenario -->
        <test-method is-config="true" signature="tearDownClass()[pri:0, instance:runner.Feature1Runner@7e7be63f]" started-at="2022-02-16T16:23:50 IST" name="tearDownClass" finished-at="2022-02-16T16:23:50 IST" duration-ms="181" status="PASS">
          <reporter-output>
          </reporter-output>
        </test-method> <!-- tearDownClass -->
      </class> <!-- runner.Feature1Runner -->
    </test> <!-- Default test -->
  </suite> <!-- Default suite -->
</testng-results>
